{
  "stats": {
    "suites": 1,
    "tests": 1,
    "passes": 1,
    "pending": 0,
    "failures": 0,
    "start": "2025-06-06T15:29:28.517Z",
    "end": "2025-06-06T15:30:10.933Z",
    "duration": 42416,
    "testsRegistered": 1,
    "passPercent": 100,
    "pendingPercent": 0,
    "other": 0,
    "hasOther": false,
    "skipped": 0,
    "hasSkipped": false
  },
  "results": [
    {
      "uuid": "d3434cbe-bb1a-4e9c-9a16-0b3f800eff36",
      "title": "",
      "fullFile": "cypress/e2e/amazonSearch.cy.js",
      "file": "cypress/e2e/amazonSearch.cy.js",
      "beforeHooks": [],
      "afterHooks": [],
      "tests": [],
      "suites": [
        {
          "uuid": "d83ed45b-c3e2-4cbf-ab0a-269ef524ddaf",
          "title": "E2E Automate Cari Product di Amazon",
          "fullFile": "",
          "file": "",
          "beforeHooks": [],
          "afterHooks": [],
          "tests": [
            {
              "title": "Cari Kursi Website Amazon",
              "fullTitle": "E2E Automate Cari Product di Amazon Cari Kursi Website Amazon",
              "timedOut": null,
              "duration": 39289,
              "state": "passed",
              "speed": "slow",
              "pass": true,
              "fail": false,
              "pending": false,
              "context": null,
              "code": "cy.visit(`${input.url}`);\ncy.wait(10000);\ncy.scrollTo(\"top\");\n_amazonSearchPage.default.typeKeyword(`${input.typeKeyword}`);\ncy.wait(1000);\n_amazonSortProductPage.default.selectPriceDesc();\ncy.wait(3000);\n_amazonProductPage.default.getTotalData().then($val => {\n  totalData = $val.length;\n  cy.log(`Banyaknya data = ${totalData}`);\n});\n_amazonProductPage.default.getNamaBarang().then(data => {\n  nmBarang = data;\n  cy.log(`Nama Barang = ${nmBarang}`);\n});\n_amazonProductPage.default.getHargaBarang().then(data => {\n  hrgBarang = data;\n  cy.log(`Harga Barang = ${hrgBarang}`);\n});\n_amazonProductPage.default.clickBarang();\n_amazonHomePage.default.checkNamaBarang().then(data => {\n  expect(data.trim()).equal(nmBarang);\n});\n_amazonHomePage.default.checkHrgBarang().then(data => {\n  expect(data.trim()).equal(hrgBarang);\n});",
              "err": {},
              "uuid": "1785b258-f92a-4edc-99bd-c3b7242336c7",
              "parentUUID": "d83ed45b-c3e2-4cbf-ab0a-269ef524ddaf",
              "isHook": false,
              "skipped": false
            }
          ],
          "suites": [],
          "passes": [
            "1785b258-f92a-4edc-99bd-c3b7242336c7"
          ],
          "failures": [],
          "pending": [],
          "skipped": [],
          "duration": 39289,
          "root": false,
          "rootEmpty": false,
          "_timeout": 2000
        }
      ],
      "passes": [],
      "failures": [],
      "pending": [],
      "skipped": [],
      "duration": 0,
      "root": true,
      "rootEmpty": true,
      "_timeout": 2000
    }
  ],
  "meta": {
    "mocha": {
      "version": "7.2.0"
    },
    "mochawesome": {
      "options": {
        "quiet": false,
        "reportFilename": "mochawesome",
        "saveHtml": true,
        "saveJson": true,
        "consoleReporter": "spec",
        "useInlineDiffs": false,
        "code": true
      },
      "version": "7.1.3"
    },
    "marge": {
      "options": {
        "reportDir": "cypress/reports/mochawesome-report",
        "overwrite": false,
        "html": true,
        "json": true,
        "timestamp": "mmddyyyy_HHMMss",
        "charts": true,
        "reportPageTitle": "Laporan Pengujian Otomatisasi",
        "embeddedScreenshots": true,
        "inlineAssets": true,
        "saveAllAttempts": false
      },
      "version": "6.2.0"
    }
  }
}